0 info it worked if it ends with ok
1 verbose cli [ '/Users/admin/.nvm/v0.10.33/bin/node',
1 verbose cli   '/Users/admin/.nvm/v0.10.33/bin/npm',
1 verbose cli   'install',
1 verbose cli   '--save',
1 verbose cli   'https://github.com/Leaflet/Leaflet.label.git' ]
2 info using npm@1.4.28
3 info using node@v0.10.33
4 warn package.json geotrekrando@2.0.0 No repository field.
5 warn package.json geotrekrando@2.0.0 Normalized value of bugs field is an empty object. Deleted.
6 warn package.json karma-phantomjs-launcher@0.1.4 No README data
7 warn package.json leaflet.markercluster@0.4.0 No repository field.
8 verbose readDependencies using package.json deps
9 verbose cache add [ 'https://github.com/Leaflet/Leaflet.label.git', null ]
10 verbose cache add name=undefined spec="https://github.com/Leaflet/Leaflet.label.git" args=["https://github.com/Leaflet/Leaflet.label.git",null]
11 verbose parsed url { protocol: 'https:',
11 verbose parsed url   slashes: true,
11 verbose parsed url   auth: null,
11 verbose parsed url   host: 'github.com',
11 verbose parsed url   port: null,
11 verbose parsed url   hostname: 'github.com',
11 verbose parsed url   hash: null,
11 verbose parsed url   search: null,
11 verbose parsed url   query: null,
11 verbose parsed url   pathname: '/Leaflet/Leaflet.label.git',
11 verbose parsed url   path: '/Leaflet/Leaflet.label.git',
11 verbose parsed url   href: 'https://github.com/Leaflet/Leaflet.label.git' }
12 silly lockFile c24cb556-ub-com-Leaflet-Leaflet-label-git https://github.com/Leaflet/Leaflet.label.git
13 verbose lock https://github.com/Leaflet/Leaflet.label.git /Users/admin/.npm/c24cb556-ub-com-Leaflet-Leaflet-label-git.lock
14 verbose addRemoteTarball [ 'https://github.com/Leaflet/Leaflet.label.git', null ]
15 info retry fetch attempt 1 at 22:05:14
16 verbose fetch to= /var/folders/8d/_tvzbt5d3s7_3g91r3jrww2c0000gn/T/npm-7802-K1bh3F_e/github.com/Leaflet/Leaflet.label.git
17 http GET https://github.com/Leaflet/Leaflet.label.git
18 http 200 https://github.com/Leaflet/Leaflet.label.git
19 verbose tar unpack /var/folders/8d/_tvzbt5d3s7_3g91r3jrww2c0000gn/T/npm-7802-K1bh3F_e/github.com/Leaflet/Leaflet.label.git
20 silly lockFile ed1db4f5-Leaflet-Leaflet-label-git-unpack tar:///var/folders/8d/_tvzbt5d3s7_3g91r3jrww2c0000gn/T/npm-7802-K1bh3F_e/github.com/Leaflet/Leaflet.label.git-unpack
21 verbose lock tar:///var/folders/8d/_tvzbt5d3s7_3g91r3jrww2c0000gn/T/npm-7802-K1bh3F_e/github.com/Leaflet/Leaflet.label.git-unpack /Users/admin/.npm/ed1db4f5-Leaflet-Leaflet-label-git-unpack.lock
22 silly lockFile 051104a9-ub-com-Leaflet-Leaflet-label-git tar:///var/folders/8d/_tvzbt5d3s7_3g91r3jrww2c0000gn/T/npm-7802-K1bh3F_e/github.com/Leaflet/Leaflet.label.git
23 verbose lock tar:///var/folders/8d/_tvzbt5d3s7_3g91r3jrww2c0000gn/T/npm-7802-K1bh3F_e/github.com/Leaflet/Leaflet.label.git /Users/admin/.npm/051104a9-ub-com-Leaflet-Leaflet-label-git.lock
24 silly gunzTarPerm modes [ '755', '644' ]
25 error not a package /var/folders/8d/_tvzbt5d3s7_3g91r3jrww2c0000gn/T/npm-7802-K1bh3F_e/github.com/Leaflet/Leaflet.label.git
26 silly lockFile ed1db4f5-Leaflet-Leaflet-label-git-unpack tar:///var/folders/8d/_tvzbt5d3s7_3g91r3jrww2c0000gn/T/npm-7802-K1bh3F_e/github.com/Leaflet/Leaflet.label.git-unpack
27 silly lockFile ed1db4f5-Leaflet-Leaflet-label-git-unpack tar:///var/folders/8d/_tvzbt5d3s7_3g91r3jrww2c0000gn/T/npm-7802-K1bh3F_e/github.com/Leaflet/Leaflet.label.git-unpack
28 silly lockFile 051104a9-ub-com-Leaflet-Leaflet-label-git tar:///var/folders/8d/_tvzbt5d3s7_3g91r3jrww2c0000gn/T/npm-7802-K1bh3F_e/github.com/Leaflet/Leaflet.label.git
29 silly lockFile 051104a9-ub-com-Leaflet-Leaflet-label-git tar:///var/folders/8d/_tvzbt5d3s7_3g91r3jrww2c0000gn/T/npm-7802-K1bh3F_e/github.com/Leaflet/Leaflet.label.git
30 silly lockFile c24cb556-ub-com-Leaflet-Leaflet-label-git https://github.com/Leaflet/Leaflet.label.git
31 silly lockFile c24cb556-ub-com-Leaflet-Leaflet-label-git https://github.com/Leaflet/Leaflet.label.git
32 error Error: ENOENT, open '/var/folders/8d/_tvzbt5d3s7_3g91r3jrww2c0000gn/T/npm-7802-K1bh3F_e/github.com/Leaflet/Leaflet.label.git-unpack/package.json'
33 error If you need help, you may report this *entire* log,
33 error including the npm and node versions, at:
33 error     <http://github.com/npm/npm/issues>
34 error System Darwin 13.3.0
35 error command "/Users/admin/.nvm/v0.10.33/bin/node" "/Users/admin/.nvm/v0.10.33/bin/npm" "install" "--save" "https://github.com/Leaflet/Leaflet.label.git"
36 error cwd /Volumes/Stock/Works/geotrek/rando-v2/dev/rando-v2
37 error node -v v0.10.33
38 error npm -v 1.4.28
39 error path /var/folders/8d/_tvzbt5d3s7_3g91r3jrww2c0000gn/T/npm-7802-K1bh3F_e/github.com/Leaflet/Leaflet.label.git-unpack/package.json
40 error code ENOENT
41 error errno 34
42 verbose exit [ 34, true ]
